#
# There is insufficient memory for the Java Runtime Environment to continue.
# Native memory allocation (mmap) failed to map 260046848 bytes for G1 virtual space
# Possible reasons:
#   The system is out of physical RAM or swap space
#   The process is running with CompressedOops enabled, and the Java Heap may be blocking the growth of the native heap
# Possible solutions:
#   Reduce memory load on the system
#   Increase physical memory or swap space
#   Check if swap backing store is full
#   Decrease Java heap size (-Xmx/-Xms)
#   Decrease number of Java threads
#   Decrease Java thread stack sizes (-Xss)
#   Set larger code cache with -XX:ReservedCodeCacheSize=
#   JVM is running with Zero Based Compressed Oops mode in which the Java heap is
#     placed in the first 32GB address space. The Java Heap base address is the
#     maximum limit for the native heap growth. Please use -XX:HeapBaseMinAddress
#     to set the Java Heap base and to place the Java Heap above 32GB virtual address.
# This output file may be truncated or incomplete.
#
#  Out of Memory Error (os_windows.cpp:3760), pid=8668, tid=7892
#
# JRE version:  (17.0.5+1) (build )
# Java VM: OpenJDK 64-Bit Server VM (17.0.5+1-b653.25, mixed mode, emulated-client, sharing, tiered, compressed oops, compressed class ptrs, g1 gc, windows-amd64)
# No core dump will be written. Minidumps are not enabled by default on client versions of Windows
#

---------------  S U M M A R Y ------------

Command Line: -XX:TieredStopAtLevel=1 -Dspring.output.ansi.enabled=always -Dcom.sun.management.jmxremote -Dspring.jmx.enabled=true -Dspring.liveBeansView.mbeanDomain -Dspring.application.admin.enabled=true -Dmanagement.endpoints.jmx.exposure.include=* -javaagent:E:\Dev\IntelliJ IDEA 2022.3.2\lib\idea_rt.jar=59737:E:\Dev\IntelliJ IDEA 2022.3.2\bin -Dfile.encoding=UTF-8 com.example.springfinalproject.SpringFinalProjectApplication

Host: AMD Ryzen 7 5800H with Radeon Graphics         , 16 cores, 15G,  Windows 10 , 64 bit Build 19041 (10.0.19041.2913)
Time: Fri May 19 00:23:11 2023  Windows 10 , 64 bit Build 19041 (10.0.19041.2913) elapsed time: 0.006942 seconds (0d 0h 0m 0s)

---------------  T H R E A D  ---------------

Current thread (0x000002d187fe8760):  JavaThread "Unknown thread" [_thread_in_vm, id=7892, stack(0x000000dfac400000,0x000000dfac500000)]

Stack: [0x000000dfac400000,0x000000dfac500000]
Native frames: (J=compiled Java code, j=interpreted, Vv=VM code, C=native code)
V  [jvm.dll+0x6830ca]
V  [jvm.dll+0x83f4c4]
V  [jvm.dll+0x840c6e]
V  [jvm.dll+0x8412d3]
V  [jvm.dll+0x2490b5]
V  [jvm.dll+0x67ff99]
V  [jvm.dll+0x6744aa]
V  [jvm.dll+0x308f2b]
V  [jvm.dll+0x3103e6]
V  [jvm.dll+0x36013e]
V  [jvm.dll+0x36036f]
V  [jvm.dll+0x2df018]
V  [jvm.dll+0x2dff84]
V  [jvm.dll+0x810d91]
V  [jvm.dll+0x36df31]
V  [jvm.dll+0x7f028c]
V  [jvm.dll+0x3f0cbf]
V  [jvm.dll+0x3f2801]
C  [jli.dll+0x526b]
C  [ucrtbase.dll+0x21bb2]
C  [KERNEL32.DLL+0x17614]
C  [ntdll.dll+0x526a1]


---------------  P R O C E S S  ---------------

Threads class SMR info:
_java_thread_list=0x00007ff84ae58f98, length=0, elements={
}

Java Threads: ( => current thread )

Other Threads:
  0x000002d188053650 GCTaskThread "GC Thread#0" [stack: 0x000000dfac500000,0x000000dfac600000] [id=17528]
  0x000002d188064b80 ConcurrentGCThread "G1 Main Marker" [stack: 0x000000dfac600000,0x000000dfac700000] [id=18700]
  0x000002d1880654a0 ConcurrentGCThread "G1 Conc#0" [stack: 0x000000dfac700000,0x000000dfac800000] [id=17644]

[error occurred during error reporting (printing all threads), id 0xc0000005, EXCEPTION_ACCESS_VIOLATION (0xc0000005) at pc=0x00007ff84a60fbd7]

VM state: not at safepoint (not fully initialized)

VM Mutex/Monitor currently owned by a thread:  ([mutex/lock_event])
[0x000002d187fe48c0] Heap_lock - owner thread: 0x000002d187fe8760

Heap address: 0x0000000709200000, size: 3950 MB, Compressed Oops mode: Zero based, Oop shift amount: 3

CDS archive(s) mapped at: [0x0000000000000000-0x0000000000000000-0x0000000000000000), size 0, SharedBaseAddress: 0x0000000800000000, ArchiveRelocationMode: 0.
Narrow klass base: 0x0000000000000000, Narrow klass shift: 0, Narrow klass range: 0x0

GC Precious Log:
<Empty>

Heap:
 garbage-first heap   total 0K, used 0K [0x0000000709200000, 0x0000000800000000)
  region size 2048K, 0 young (0K), 0 survivors (0K)

[error occurred during error reporting (printing heap information), id 0xc0000005, EXCEPTION_ACCESS_VIOLATION (0xc0000005) at pc=0x00007ff84a9fcd59]

GC Heap History (0 events):
No events

Dll operation events (1 events):
Event: 0.004 Loaded shared library E:\Dev\IntelliJ IDEA 2022.3.2\jbr\bin\java.dll

Deoptimization events (0 events):
No events

Classes unloaded (0 events):
No events

Classes redefined (0 events):
No events

Internal exceptions (0 events):
No events

VM Operations (0 events):
No events

Events (0 events):
No events


Dynamic libraries:
0x00007ff73a470000 - 0x00007ff73a47a000 	E:\Dev\IntelliJ IDEA 2022.3.2\jbr\bin\java.exe
0x00007ff888410000 - 0x00007ff888608000 	C:\Windows\SYSTEM32\ntdll.dll
0x00007ff887ac0000 - 0x00007ff887b7f000 	C:\Windows\System32\KERNEL32.DLL
0x00007ff885c90000 - 0x00007ff885f86000 	C:\Windows\System32\KERNELBASE.dll
0x00007ff885af0000 - 0x00007ff885bf0000 	C:\Windows\System32\ucrtbase.dll
0x00007ff8783e0000 - 0x00007ff8783f7000 	E:\Dev\IntelliJ IDEA 2022.3.2\jbr\bin\jli.dll
0x00007ff873e70000 - 0x00007ff873e8b000 	E:\Dev\IntelliJ IDEA 2022.3.2\jbr\bin\VCRUNTIME140.dll
0x00007ff886f20000 - 0x00007ff8870bd000 	C:\Windows\System32\USER32.dll
0x00007ff8863d0000 - 0x00007ff8863f2000 	C:\Windows\System32\win32u.dll
0x00007ff872a90000 - 0x00007ff872d2a000 	C:\Windows\WinSxS\amd64_microsoft.windows.common-controls_6595b64144ccf1df_6.0.19041.1110_none_60b5254171f9507e\COMCTL32.dll
0x00007ff887130000 - 0x00007ff88715c000 	C:\Windows\System32\GDI32.dll
0x00007ff886e80000 - 0x00007ff886f1e000 	C:\Windows\System32\msvcrt.dll
0x00007ff886020000 - 0x00007ff886135000 	C:\Windows\System32\gdi32full.dll
0x00007ff885bf0000 - 0x00007ff885c8d000 	C:\Windows\System32\msvcp_win.dll
0x00007ff887a70000 - 0x00007ff887aa0000 	C:\Windows\System32\IMM32.DLL
0x00007ff87bad0000 - 0x00007ff87badc000 	E:\Dev\IntelliJ IDEA 2022.3.2\jbr\bin\vcruntime140_1.dll
0x00007ff85cd10000 - 0x00007ff85cd9d000 	E:\Dev\IntelliJ IDEA 2022.3.2\jbr\bin\msvcp140.dll
0x00007ff84a320000 - 0x00007ff84af8b000 	E:\Dev\IntelliJ IDEA 2022.3.2\jbr\bin\server\jvm.dll
0x00007ff887880000 - 0x00007ff88792f000 	C:\Windows\System32\ADVAPI32.dll
0x00007ff887160000 - 0x00007ff8871fc000 	C:\Windows\System32\sechost.dll
0x00007ff887c30000 - 0x00007ff887d56000 	C:\Windows\System32\RPCRT4.dll
0x00007ff881600000 - 0x00007ff881609000 	C:\Windows\SYSTEM32\WSOCK32.dll
0x00007ff87a760000 - 0x00007ff87a787000 	C:\Windows\SYSTEM32\WINMM.dll
0x00007ff8870c0000 - 0x00007ff88712b000 	C:\Windows\System32\WS2_32.dll
0x00007ff87e5c0000 - 0x00007ff87e5ca000 	C:\Windows\SYSTEM32\VERSION.dll
0x00007ff884340000 - 0x00007ff884352000 	C:\Windows\SYSTEM32\kernel.appcore.dll
0x00007ff8815f0000 - 0x00007ff8815fa000 	E:\Dev\IntelliJ IDEA 2022.3.2\jbr\bin\jimage.dll
0x00007ff883900000 - 0x00007ff883ae4000 	C:\Windows\SYSTEM32\DBGHELP.DLL
0x00007ff873d00000 - 0x00007ff873d34000 	C:\Windows\SYSTEM32\dbgcore.DLL
0x00007ff885f90000 - 0x00007ff886012000 	C:\Windows\System32\bcryptPrimitives.dll
0x00007ff87bae0000 - 0x00007ff87baee000 	E:\Dev\IntelliJ IDEA 2022.3.2\jbr\bin\instrument.dll
0x00007ff881530000 - 0x00007ff881555000 	E:\Dev\IntelliJ IDEA 2022.3.2\jbr\bin\java.dll

dbghelp: loaded successfully - version: 4.0.5 - missing functions: none
symbol engine: initialized successfully - sym options: 0x614 - pdb path: .;E:\Dev\IntelliJ IDEA 2022.3.2\jbr\bin;C:\Windows\SYSTEM32;C:\Windows\WinSxS\amd64_microsoft.windows.common-controls_6595b64144ccf1df_6.0.19041.1110_none_60b5254171f9507e;E:\Dev\IntelliJ IDEA 2022.3.2\jbr\bin\server

VM Arguments:
jvm_args: -XX:TieredStopAtLevel=1 -Dspring.output.ansi.enabled=always -Dcom.sun.management.jmxremote -Dspring.jmx.enabled=true -Dspring.liveBeansView.mbeanDomain -Dspring.application.admin.enabled=true -Dmanagement.endpoints.jmx.exposure.include=* -javaagent:E:\Dev\IntelliJ IDEA 2022.3.2\lib\idea_rt.jar=59737:E:\Dev\IntelliJ IDEA 2022.3.2\bin -Dfile.encoding=UTF-8 
java_command: com.example.springfinalproject.SpringFinalProjectApplication
java_class_path (initial): E:\Dev\Chmura\SpringFinalProject\target\classes;C:\Users\opiec\.m2\repository\org\springframework\boot\spring-boot-starter-data-jpa\3.0.5\spring-boot-starter-data-jpa-3.0.5.jar;C:\Users\opiec\.m2\repository\org\springframework\boot\spring-boot-starter-aop\3.0.5\spring-boot-starter-aop-3.0.5.jar;C:\Users\opiec\.m2\repository\org\aspectj\aspectjweaver\1.9.19\aspectjweaver-1.9.19.jar;C:\Users\opiec\.m2\repository\org\springframework\boot\spring-boot-starter-jdbc\3.0.5\spring-boot-starter-jdbc-3.0.5.jar;C:\Users\opiec\.m2\repository\com\zaxxer\HikariCP\5.0.1\HikariCP-5.0.1.jar;C:\Users\opiec\.m2\repository\org\springframework\spring-jdbc\6.0.7\spring-jdbc-6.0.7.jar;C:\Users\opiec\.m2\repository\org\hibernate\orm\hibernate-core\6.1.7.Final\hibernate-core-6.1.7.Final.jar;C:\Users\opiec\.m2\repository\jakarta\persistence\jakarta.persistence-api\3.1.0\jakarta.persistence-api-3.1.0.jar;C:\Users\opiec\.m2\repository\jakarta\transaction\jakarta.transaction-api\2.0.1\jakarta.transaction-api-2.0.1.jar;C:\Users\opiec\.m2\repository\org\hibernate\common\hibernate-commons-annotations\6.0.6.Final\hibernate-commons-annotations-6.0.6.Final.jar;C:\Users\opiec\.m2\repository\org\jboss\jandex\2.4.2.Final\jandex-2.4.2.Final.jar;C:\Users\opiec\.m2\repository\net\bytebuddy\byte-buddy\1.12.23\byte-buddy-1.12.23.jar;C:\Users\opiec\.m2\repository\org\glassfish\jaxb\jaxb-runtime\4.0.2\jaxb-runtime-4.0.2.jar;C:\Users\opiec\.m2\repository\org\glassfish\jaxb\jaxb-core\4.0.2\jaxb-core-4.0.2.jar;C:\Users\opiec\.m2\repository\org\eclipse\angus\angus-activation\2.0.0\angus-activation-2.0.0.jar;C:\Users\opiec\.m2\repository\org\glassfish\jaxb\txw2\4.0.2\txw2-4.0.2.jar;C:\Users\opiec\.m2\repository\com\sun\istack\istack-commons-runtime\4.1.1\istack-commons-runtime-4.1.1.jar;C:\Users\opiec\.m2\repository\jakarta\inject\jakarta.inject-api\2.0.0\jakarta.inject-api-2.0.0.jar;C:\Users\opiec\.m2\repository\org\antlr\antlr4-runtime\4.10.1\antlr4-runtime-4.10.1.jar;C:\Users\opiec\.m
Launcher Type: SUN_STANDARD

[Global flags]
     intx CICompilerCount                          = 12                                        {product} {ergonomic}
     uint ConcGCThreads                            = 3                                         {product} {ergonomic}
     uint G1ConcRefinementThreads                  = 13                                        {product} {ergonomic}
   size_t G1HeapRegionSize                         = 2097152                                   {product} {ergonomic}
    uintx GCDrainStackTargetSize                   = 64                                        {product} {ergonomic}
   size_t InitialHeapSize                          = 260046848                                 {product} {ergonomic}
     bool ManagementServer                         = true                                      {product} {command line}
   size_t MarkStackSize                            = 4194304                                   {product} {ergonomic}
   size_t MaxHeapSize                              = 4141875200                                {product} {ergonomic}
   size_t MinHeapDeltaBytes                        = 2097152                                   {product} {ergonomic}
   size_t MinHeapSize                              = 8388608                                   {product} {ergonomic}
    uintx NonProfiledCodeHeapSize                  = 0                                      {pd product} {ergonomic}
     bool ProfileInterpreter                       = false                                  {pd product} {command line}
    uintx ProfiledCodeHeapSize                     = 0                                      {pd product} {ergonomic}
   size_t SoftMaxHeapSize                          = 4141875200                             {manageable} {ergonomic}
     intx TieredStopAtLevel                        = 1                                         {product} {command line}
     bool UseCompressedClassPointers               = true                           {product lp64_product} {ergonomic}
     bool UseCompressedOops                        = true                           {product lp64_product} {ergonomic}
     bool UseG1GC                                  = true                                      {product} {ergonomic}
     bool UseLargePagesIndividualAllocation        = false                                  {pd product} {ergonomic}

Logging:
Log output configuration:
 #0: stdout all=warning uptime,level,tags
 #1: stderr all=off uptime,level,tags

Environment Variables:
PATH=C:\Program Files\Common Files\Oracle\Java\javapath;C:\Windows\system32;C:\Windows;C:\Windows\System32\Wbem;C:\Windows\System32\WindowsPowerShell\v1.0\;C:\Windows\System32\OpenSSH\;E:\Dev\Git\cmd;C:\Program Files\dotnet\;E:\Dev\NodeJS\;C:\Program Files\MySQL\MySQL Shell 8.0\bin\;C:\Users\opiec\AppData\Local\Microsoft\WindowsApps;C:\Program Files\wget;;E:\Dev\Microsoft VS Code\bin;C:\Users\opiec\AppData\Roaming\npm
USERNAME=opiec
OS=Windows_NT
PROCESSOR_IDENTIFIER=AMD64 Family 25 Model 80 Stepping 0, AuthenticAMD
TMP=C:\Users\opiec\AppData\Local\Temp
TEMP=C:\Users\opiec\AppData\Local\Temp



---------------  S Y S T E M  ---------------

OS:
 Windows 10 , 64 bit Build 19041 (10.0.19041.2913)
OS uptime: 0 days 1:09 hours

CPU: total 16 (initial active 16) (16 cores per cpu, 2 threads per core) family 25 model 80 stepping 0 microcode 0x0, cx8, cmov, fxsr, ht, mmx, 3dnowpref, sse, sse2, sse3, ssse3, sse4a, sse4.1, sse4.2, popcnt, lzcnt, tsc, tscinvbit, avx, avx2, aes, erms, clmul, bmi1, bmi2, adx, sha, fma, vzeroupper, clflush, clflushopt

Memory: 4k page, system-wide physical 15792M (949M free)
TotalPageFile size 17840M (AvailPageFile size 181M)
current process WorkingSet (physical memory assigned to process): 10M, peak: 10M
current process commit charge ("private bytes"): 65M, peak: 313M

vm_info: OpenJDK 64-Bit Server VM (17.0.5+1-b653.25) for windows-amd64 JRE (17.0.5+1-b653.25), built on 2023-01-04 by "builduser" with MS VC++ 16.10 / 16.11 (VS2019)

END.
