#
# There is insufficient memory for the Java Runtime Environment to continue.
# Native memory allocation (mmap) failed to map 260046848 bytes for G1 virtual space
# Possible reasons:
#   The system is out of physical RAM or swap space
#   The process is running with CompressedOops enabled, and the Java Heap may be blocking the growth of the native heap
# Possible solutions:
#   Reduce memory load on the system
#   Increase physical memory or swap space
#   Check if swap backing store is full
#   Decrease Java heap size (-Xmx/-Xms)
#   Decrease number of Java threads
#   Decrease Java thread stack sizes (-Xss)
#   Set larger code cache with -XX:ReservedCodeCacheSize=
#   JVM is running with Zero Based Compressed Oops mode in which the Java heap is
#     placed in the first 32GB address space. The Java Heap base address is the
#     maximum limit for the native heap growth. Please use -XX:HeapBaseMinAddress
#     to set the Java Heap base and to place the Java Heap above 32GB virtual address.
# This output file may be truncated or incomplete.
#
#  Out of Memory Error (os_windows.cpp:3760), pid=9264, tid=12880
#
# JRE version:  (17.0.5+1) (build )
# Java VM: OpenJDK 64-Bit Server VM (17.0.5+1-b653.25, mixed mode, sharing, tiered, compressed oops, compressed class ptrs, g1 gc, windows-amd64)
# No core dump will be written. Minidumps are not enabled by default on client versions of Windows
#

---------------  S U M M A R Y ------------

Command Line: git4idea.editor.GitRebaseEditorApp 63342 E:/Dev/Chmura/SpringFinalProject/.git/COMMIT_EDITMSG

Host: AMD Ryzen 7 5800H with Radeon Graphics         , 16 cores, 15G,  Windows 10 , 64 bit Build 19041 (10.0.19041.2788)
Time: Tue Apr 25 19:40:49 2023  Windows 10 , 64 bit Build 19041 (10.0.19041.2788) elapsed time: 0.011473 seconds (0d 0h 0m 0s)

---------------  T H R E A D  ---------------

Current thread (0x0000022ae76daf10):  JavaThread "Unknown thread" [_thread_in_vm, id=12880, stack(0x0000009566300000,0x0000009566400000)]

Stack: [0x0000009566300000,0x0000009566400000]
Native frames: (J=compiled Java code, j=interpreted, Vv=VM code, C=native code)
V  [jvm.dll+0x6830ca]
V  [jvm.dll+0x83f4c4]
V  [jvm.dll+0x840c6e]
V  [jvm.dll+0x8412d3]
V  [jvm.dll+0x2490b5]
V  [jvm.dll+0x67ff99]
V  [jvm.dll+0x6744aa]
V  [jvm.dll+0x308f2b]
V  [jvm.dll+0x3103e6]
V  [jvm.dll+0x36013e]
V  [jvm.dll+0x36036f]
V  [jvm.dll+0x2df018]
V  [jvm.dll+0x2dff84]
V  [jvm.dll+0x810d91]
V  [jvm.dll+0x36df31]
V  [jvm.dll+0x7f028c]
V  [jvm.dll+0x3f0cbf]
V  [jvm.dll+0x3f2801]
C  [jli.dll+0x526b]
C  [ucrtbase.dll+0x21bb2]
C  [KERNEL32.DLL+0x17604]
C  [ntdll.dll+0x526a1]


---------------  P R O C E S S  ---------------

Threads class SMR info:
_java_thread_list=0x00007ffa7b8d8f98, length=0, elements={
}

Java Threads: ( => current thread )

Other Threads:
  0x0000022ae77465c0 GCTaskThread "GC Thread#0" [stack: 0x0000009566400000,0x0000009566500000] [id=17884]
  0x0000022ae7756bd0 ConcurrentGCThread "G1 Main Marker" [stack: 0x0000009566500000,0x0000009566600000] [id=1536]
  0x0000022ae77594f0 ConcurrentGCThread "G1 Conc#0" [stack: 0x0000009566600000,0x0000009566700000] [id=8756]

[error occurred during error reporting (printing all threads), id 0xc0000005, EXCEPTION_ACCESS_VIOLATION (0xc0000005) at pc=0x00007ffa7b08fbd7]

VM state: not at safepoint (not fully initialized)

VM Mutex/Monitor currently owned by a thread:  ([mutex/lock_event])
[0x0000022ae76d5720] Heap_lock - owner thread: 0x0000022ae76daf10

Heap address: 0x0000000709200000, size: 3950 MB, Compressed Oops mode: Zero based, Oop shift amount: 3

CDS archive(s) mapped at: [0x0000000000000000-0x0000000000000000-0x0000000000000000), size 0, SharedBaseAddress: 0x0000000800000000, ArchiveRelocationMode: 0.
Narrow klass base: 0x0000000000000000, Narrow klass shift: 0, Narrow klass range: 0x0

GC Precious Log:
<Empty>

Heap:
 garbage-first heap   total 0K, used 0K [0x0000000709200000, 0x0000000800000000)
  region size 2048K, 0 young (0K), 0 survivors (0K)

[error occurred during error reporting (printing heap information), id 0xc0000005, EXCEPTION_ACCESS_VIOLATION (0xc0000005) at pc=0x00007ffa7b47cd59]

GC Heap History (0 events):
No events

Dll operation events (1 events):
Event: 0.007 Loaded shared library E:\Dev\IntelliJ IDEA 2022.3.2\jbr\bin\java.dll

Deoptimization events (0 events):
No events

Classes unloaded (0 events):
No events

Classes redefined (0 events):
No events

Internal exceptions (0 events):
No events

VM Operations (0 events):
No events

Events (0 events):
No events


Dynamic libraries:
0x00007ff67a560000 - 0x00007ff67a56a000 	E:\Dev\IntelliJ IDEA 2022.3.2\jbr\bin\java.exe
0x00007ffabc6d0000 - 0x00007ffabc8c8000 	C:\Windows\SYSTEM32\ntdll.dll
0x00007ffabb400000 - 0x00007ffabb4bf000 	C:\Windows\System32\KERNEL32.DLL
0x00007ffaba2a0000 - 0x00007ffaba57a000 	C:\Windows\System32\KERNELBASE.dll
0x00007ffab9e80000 - 0x00007ffab9f80000 	C:\Windows\System32\ucrtbase.dll
0x00007ffaa5380000 - 0x00007ffaa539b000 	E:\Dev\IntelliJ IDEA 2022.3.2\jbr\bin\VCRUNTIME140.dll
0x00007ffaa56f0000 - 0x00007ffaa5707000 	E:\Dev\IntelliJ IDEA 2022.3.2\jbr\bin\jli.dll
0x00007ffaba980000 - 0x00007ffabab1d000 	C:\Windows\System32\USER32.dll
0x00007ffaba700000 - 0x00007ffaba722000 	C:\Windows\System32\win32u.dll
0x00007ffaa6e00000 - 0x00007ffaa709a000 	C:\Windows\WinSxS\amd64_microsoft.windows.common-controls_6595b64144ccf1df_6.0.19041.1110_none_60b5254171f9507e\COMCTL32.dll
0x00007ffabb700000 - 0x00007ffabb72b000 	C:\Windows\System32\GDI32.dll
0x00007ffabb1d0000 - 0x00007ffabb26e000 	C:\Windows\System32\msvcrt.dll
0x00007ffaba5f0000 - 0x00007ffaba700000 	C:\Windows\System32\gdi32full.dll
0x00007ffab9de0000 - 0x00007ffab9e7d000 	C:\Windows\System32\msvcp_win.dll
0x00007ffabbb20000 - 0x00007ffabbb50000 	C:\Windows\System32\IMM32.DLL
0x00007ffaa5e10000 - 0x00007ffaa5e1c000 	E:\Dev\IntelliJ IDEA 2022.3.2\jbr\bin\vcruntime140_1.dll
0x00007ffa8fb60000 - 0x00007ffa8fbed000 	E:\Dev\IntelliJ IDEA 2022.3.2\jbr\bin\msvcp140.dll
0x00007ffa7ada0000 - 0x00007ffa7ba0b000 	E:\Dev\IntelliJ IDEA 2022.3.2\jbr\bin\server\jvm.dll
0x00007ffabb5b0000 - 0x00007ffabb65e000 	C:\Windows\System32\ADVAPI32.dll
0x00007ffabb660000 - 0x00007ffabb6fc000 	C:\Windows\System32\sechost.dll
0x00007ffabb270000 - 0x00007ffabb396000 	C:\Windows\System32\RPCRT4.dll
0x00007ffab2930000 - 0x00007ffab2957000 	C:\Windows\SYSTEM32\WINMM.dll
0x00007ffab5910000 - 0x00007ffab5919000 	C:\Windows\SYSTEM32\WSOCK32.dll
0x00007ffab2960000 - 0x00007ffab296a000 	C:\Windows\SYSTEM32\VERSION.dll
0x00007ffabbdc0000 - 0x00007ffabbe2b000 	C:\Windows\System32\WS2_32.dll
0x00007ffab8630000 - 0x00007ffab8642000 	C:\Windows\SYSTEM32\kernel.appcore.dll
0x00007ffaacc90000 - 0x00007ffaacc9a000 	E:\Dev\IntelliJ IDEA 2022.3.2\jbr\bin\jimage.dll
0x00007ffab7a50000 - 0x00007ffab7c34000 	C:\Windows\SYSTEM32\DBGHELP.DLL
0x00007ffaa7e30000 - 0x00007ffaa7e64000 	C:\Windows\SYSTEM32\dbgcore.DLL
0x00007ffab9fb0000 - 0x00007ffaba032000 	C:\Windows\System32\bcryptPrimitives.dll
0x00007ffaa5c00000 - 0x00007ffaa5c25000 	E:\Dev\IntelliJ IDEA 2022.3.2\jbr\bin\java.dll

dbghelp: loaded successfully - version: 4.0.5 - missing functions: none
symbol engine: initialized successfully - sym options: 0x614 - pdb path: .;E:\Dev\IntelliJ IDEA 2022.3.2\jbr\bin;C:\Windows\SYSTEM32;C:\Windows\WinSxS\amd64_microsoft.windows.common-controls_6595b64144ccf1df_6.0.19041.1110_none_60b5254171f9507e;E:\Dev\IntelliJ IDEA 2022.3.2\jbr\bin\server

VM Arguments:
java_command: git4idea.editor.GitRebaseEditorApp 63342 E:/Dev/Chmura/SpringFinalProject/.git/COMMIT_EDITMSG
java_class_path (initial): E:/Dev/IntelliJ IDEA 2022.3.2/plugins/vcs-git/lib/git4idea-rt.jar;E:/Dev/IntelliJ IDEA 2022.3.2/lib/externalProcess-rt.jar;E:/Dev/IntelliJ IDEA 2022.3.2/lib/app.jar;E:/Dev/IntelliJ IDEA 2022.3.2/lib/3rd-party-rt.jar
Launcher Type: SUN_STANDARD

[Global flags]
     intx CICompilerCount                          = 12                                        {product} {ergonomic}
     uint ConcGCThreads                            = 3                                         {product} {ergonomic}
     uint G1ConcRefinementThreads                  = 13                                        {product} {ergonomic}
   size_t G1HeapRegionSize                         = 2097152                                   {product} {ergonomic}
    uintx GCDrainStackTargetSize                   = 64                                        {product} {ergonomic}
   size_t InitialHeapSize                          = 260046848                                 {product} {ergonomic}
   size_t MarkStackSize                            = 4194304                                   {product} {ergonomic}
   size_t MaxHeapSize                              = 4141875200                                {product} {ergonomic}
   size_t MinHeapDeltaBytes                        = 2097152                                   {product} {ergonomic}
   size_t MinHeapSize                              = 8388608                                   {product} {ergonomic}
    uintx NonNMethodCodeHeapSize                   = 7602480                                {pd product} {ergonomic}
    uintx NonProfiledCodeHeapSize                  = 122027880                              {pd product} {ergonomic}
    uintx ProfiledCodeHeapSize                     = 122027880                              {pd product} {ergonomic}
    uintx ReservedCodeCacheSize                    = 251658240                              {pd product} {ergonomic}
     bool SegmentedCodeCache                       = true                                      {product} {ergonomic}
   size_t SoftMaxHeapSize                          = 4141875200                             {manageable} {ergonomic}
     bool UseCompressedClassPointers               = true                           {product lp64_product} {ergonomic}
     bool UseCompressedOops                        = true                           {product lp64_product} {ergonomic}
     bool UseG1GC                                  = true                                      {product} {ergonomic}
     bool UseLargePagesIndividualAllocation        = false                                  {pd product} {ergonomic}

Logging:
Log output configuration:
 #0: stdout all=warning uptime,level,tags
 #1: stderr all=off uptime,level,tags

Environment Variables:
PATH=E:\Dev\Git\mingw64\libexec\git-core;E:\Dev\Git\mingw64\libexec\git-core;E:\Dev\Git\mingw64\bin;E:\Dev\Git\usr\bin;C:\Users\opiec\bin;C:\Program Files\Common Files\Oracle\Java\javapath;C:\Windows\system32;C:\Windows;C:\Windows\System32\Wbem;C:\Windows\System32\WindowsPowerShell\v1.0;C:\Windows\System32\OpenSSH;E:\Dev\Git\cmd;C:\Program Files\dotnet;E:\Dev\NodeJS;C:\Program Files\MySQL\MySQL Shell 8.0\bin;C:\Users\opiec\AppData\Local\Microsoft\WindowsApps;C:\Program Files\wget;E:\Dev\Microsoft VS Code\bin;C:\Users\opiec\AppData\Roaming\npm
USERNAME=opiec
DISPLAY=:0.0
LC_ALL=en_US.UTF-8
TERM=xterm-256color
TMPDIR=C:\Users\opiec\AppData\Local\Temp
OS=Windows_NT
PROCESSOR_IDENTIFIER=AMD64 Family 25 Model 80 Stepping 0, AuthenticAMD
TMP=C:\Users\opiec\AppData\Local\Temp
TEMP=C:\Users\opiec\AppData\Local\Temp



---------------  S Y S T E M  ---------------

OS:
 Windows 10 , 64 bit Build 19041 (10.0.19041.2788)
OS uptime: 0 days 6:07 hours

CPU: total 16 (initial active 16) (16 cores per cpu, 2 threads per core) family 25 model 80 stepping 0 microcode 0x0, cx8, cmov, fxsr, ht, mmx, 3dnowpref, sse, sse2, sse3, ssse3, sse4a, sse4.1, sse4.2, popcnt, lzcnt, tsc, tscinvbit, avx, avx2, aes, erms, clmul, bmi1, bmi2, adx, sha, fma, vzeroupper, clflush, clflushopt

Memory: 4k page, system-wide physical 15792M (1792M free)
TotalPageFile size 17840M (AvailPageFile size 61M)
current process WorkingSet (physical memory assigned to process): 10M, peak: 10M
current process commit charge ("private bytes"): 70M, peak: 318M

vm_info: OpenJDK 64-Bit Server VM (17.0.5+1-b653.25) for windows-amd64 JRE (17.0.5+1-b653.25), built on 2023-01-04 by "builduser" with MS VC++ 16.10 / 16.11 (VS2019)

END.
